Generated at 2021-11-10 03:03:34 +0000
NameError: undefined local variable or method `es' for cookbook: my_cookbook, recipe: recipe1 :Chef::Recipe
/home/ubuntu/chef-repo/.chef/local-mode-cache/cache/cookbooks/my_cookbook/recipes/recipe1.rb:1:in `from_file'
/opt/chef-workstation/embedded/lib/ruby/gems/2.7.0/gems/chef-16.1.16/lib/chef/mixin/from_file.rb:34:in `instance_eval'
/opt/chef-workstation/embedded/lib/ruby/gems/2.7.0/gems/chef-16.1.16/lib/chef/mixin/from_file.rb:34:in `from_file'
/opt/chef-workstation/embedded/lib/ruby/gems/2.7.0/gems/chef-16.1.16/lib/chef/cookbook_version.rb:230:in `load_ruby_recipe'
/opt/chef-workstation/embedded/lib/ruby/gems/2.7.0/gems/chef-16.1.16/lib/chef/cookbook_version.rb:200:in `load_recipe'
/opt/chef-workstation/embedded/lib/ruby/gems/2.7.0/gems/chef-16.1.16/lib/chef/run_context.rb:393:in `load_recipe'
/opt/chef-workstation/embedded/lib/ruby/gems/2.7.0/gems/chef-16.1.16/lib/chef/run_context/cookbook_compiler.rb:174:in `block in compile_recipes'
/opt/chef-workstation/embedded/lib/ruby/gems/2.7.0/gems/chef-16.1.16/lib/chef/run_context/cookbook_compiler.rb:171:in `each'
/opt/chef-workstation/embedded/lib/ruby/gems/2.7.0/gems/chef-16.1.16/lib/chef/run_context/cookbook_compiler.rb:171:in `compile_recipes'
/opt/chef-workstation/embedded/lib/ruby/gems/2.7.0/gems/chef-16.1.16/lib/chef/run_context/cookbook_compiler.rb:79:in `compile'
/opt/chef-workstation/embedded/lib/ruby/gems/2.7.0/gems/chef-16.1.16/lib/chef/run_context.rb:223:in `load'
/opt/chef-workstation/embedded/lib/ruby/gems/2.7.0/gems/chef-16.1.16/lib/chef/policy_builder/expand_node_object.rb:103:in `setup_run_context'
/opt/chef-workstation/embedded/lib/ruby/2.7.0/forwardable.rb:235:in `setup_run_context'
/opt/chef-workstation/embedded/lib/ruby/gems/2.7.0/gems/chef-16.1.16/lib/chef/client.rb:498:in `setup_run_context'
/opt/chef-workstation/embedded/lib/ruby/gems/2.7.0/gems/chef-16.1.16/lib/chef/client.rb:284:in `run'
/opt/chef-workstation/embedded/lib/ruby/gems/2.7.0/gems/chef-16.1.16/lib/chef/application.rb:292:in `run_with_graceful_exit_option'
/opt/chef-workstation/embedded/lib/ruby/gems/2.7.0/gems/chef-16.1.16/lib/chef/application.rb:268:in `block in run_chef_client'
/opt/chef-workstation/embedded/lib/ruby/gems/2.7.0/gems/chef-16.1.16/lib/chef/local_mode.rb:42:in `with_server_connectivity'
/opt/chef-workstation/embedded/lib/ruby/gems/2.7.0/gems/chef-16.1.16/lib/chef/application.rb:251:in `run_chef_client'
/opt/chef-workstation/embedded/lib/ruby/gems/2.7.0/gems/chef-16.1.16/lib/chef/application/base.rb:335:in `run_application'
/opt/chef-workstation/embedded/lib/ruby/gems/2.7.0/gems/chef-16.1.16/lib/chef/application.rb:68:in `run'
/opt/chef-workstation/embedded/lib/ruby/gems/2.7.0/gems/chef-bin-16.1.16/bin/chef-client:25:in `<top (required)>'
/usr/bin/chef-client:363:in `load'
/usr/bin/chef-client:363:in `<main>'